2025-04-01 21:37:08 0 [Note] Starting MariaDB 10.4.32-MariaDB source revision c4143f909528e3fab0677a28631d10389354c491 as process 19816
2025-04-01 21:37:08 0 [Note] InnoDB: Mutexes and rw_locks use Windows interlocked functions
2025-04-01 21:37:08 0 [Note] InnoDB: Uses event mutexes
2025-04-01 21:37:08 0 [Note] InnoDB: Compressed tables use zlib 1.3
2025-04-01 21:37:08 0 [Note] InnoDB: Number of pools: 1
2025-04-01 21:37:08 0 [Note] InnoDB: Using SSE2 crc32 instructions
2025-04-01 21:37:08 0 [Note] InnoDB: Initializing buffer pool, total size = 16M, instances = 1, chunk size = 16M
2025-04-01 21:37:08 0 [Note] InnoDB: Completed initialization of buffer pool
2025-04-01 21:37:08 0 [Note] InnoDB: Starting crash recovery from checkpoint LSN=300288
2025-04-01 21:37:08 0 [Note] InnoDB: 128 out of 128 rollback segments are active.
2025-04-01 21:37:08 0 [Note] InnoDB: Removed temporary tablespace data file: "ibtmp1"
2025-04-01 21:37:08 0 [Note] InnoDB: Creating shared tablespace for temporary tables
2025-04-01 21:37:08 0 [Note] InnoDB: Setting file 'C:\Web_Project\xampp\mysql\data\ibtmp1' size to 12 MB. Physically writing the file full; Please wait ...
2025-04-01 21:37:08 0 [Note] InnoDB: File 'C:\Web_Project\xampp\mysql\data\ibtmp1' size is now 12 MB.
2025-04-01 21:37:08 0 [Note] InnoDB: Waiting for purge to start
2025-04-01 21:37:08 0 [Note] InnoDB: 10.4.32 started; log sequence number 300297; transaction id 170
2025-04-01 21:37:08 0 [Note] InnoDB: Loading buffer pool(s) from C:\Web_Project\xampp\mysql\data\ib_buffer_pool
2025-04-01 21:37:08 0 [Note] Plugin 'FEEDBACK' is disabled.
2025-04-01 21:37:08 0 [Note] InnoDB: Buffer pool(s) load completed at 250401 21:37:08
2025-04-01 21:37:08 0 [Note] Server socket created on IP: '::'.
2025-04-01 22:06:06 0 [Note] Starting MariaDB 10.4.32-MariaDB source revision c4143f909528e3fab0677a28631d10389354c491 as process 27696
2025-04-01 22:06:06 0 [Note] InnoDB: Mutexes and rw_locks use Windows interlocked functions
2025-04-01 22:06:06 0 [Note] InnoDB: Uses event mutexes
2025-04-01 22:06:06 0 [Note] InnoDB: Compressed tables use zlib 1.3
2025-04-01 22:06:06 0 [Note] InnoDB: Number of pools: 1
2025-04-01 22:06:06 0 [Note] InnoDB: Using SSE2 crc32 instructions
2025-04-01 22:06:06 0 [Note] InnoDB: Initializing buffer pool, total size = 16M, instances = 1, chunk size = 16M
2025-04-01 22:06:06 0 [Note] InnoDB: Completed initialization of buffer pool
2025-04-01 22:06:06 0 [Note] InnoDB: Starting crash recovery from checkpoint LSN=305383
2025-04-01 22:06:06 0 [Note] InnoDB: 128 out of 128 rollback segments are active.
2025-04-01 22:06:06 0 [Note] InnoDB: Removed temporary tablespace data file: "ibtmp1"
2025-04-01 22:06:06 0 [Note] InnoDB: Creating shared tablespace for temporary tables
2025-04-01 22:06:06 0 [Note] InnoDB: Setting file 'C:\Web_Project\xampp\mysql\data\ibtmp1' size to 12 MB. Physically writing the file full; Please wait ...
2025-04-01 22:06:06 0 [Note] InnoDB: File 'C:\Web_Project\xampp\mysql\data\ibtmp1' size is now 12 MB.
2025-04-01 22:06:06 0 [Note] InnoDB: Waiting for purge to start
2025-04-01 22:06:06 0 [Note] InnoDB: 10.4.32 started; log sequence number 305392; transaction id 201
2025-04-01 22:06:06 0 [Note] InnoDB: Loading buffer pool(s) from C:\Web_Project\xampp\mysql\data\ib_buffer_pool
2025-04-01 22:06:06 0 [Note] Plugin 'FEEDBACK' is disabled.
2025-04-01 22:06:06 0 [Note] Server socket created on IP: '::'.
